<?xml version="1.0" encoding="UTF-8"?>
<!-- Generated by org.testng.reporters.JUnitReportReporter -->
<testsuite skipped="0" hostname="DESKTOP-1JFBICD" name="test.NewAccountTest" tests="1" failures="0" timestamp="25 Aug 2019 18:01:13 GMT" time="17.522" errors="0">
  <testcase name="OpenANewAccount" time="17.522" classname="test.NewAccountTest"/>
</testsuite> <!-- test.NewAccountTest -->
